<?xml version="1.0" encoding="UTF-8"?>
<coverage generated="1759561393634" clover="3.2.0">
  <project timestamp="1759561393634" name="All files">
    <metrics statements="57" coveredstatements="55" conditionals="13" coveredconditionals="11" methods="23" coveredmethods="23" elements="93" coveredelements="89" complexity="0" loc="57" ncloc="57" packages="4" files="9" classes="9"/>
    <package name="components">
      <metrics statements="25" coveredstatements="25" conditionals="9" coveredconditionals="8" methods="10" coveredmethods="10"/>
      <file name="Footer.js" path="/Users/houqingshan/Documents/code/cs4218-2510-ecom-project-team005/client/src/components/Footer.js">
        <metrics statements="2" coveredstatements="2" conditionals="0" coveredconditionals="0" methods="1" coveredmethods="1"/>
        <line num="4" count="1" type="stmt"/>
        <line num="5" count="3" type="stmt"/>
      </file>
      <file name="Header.js" path="/Users/houqingshan/Documents/code/cs4218-2510-ecom-project-team005/client/src/components/Header.js">
        <metrics statements="10" coveredstatements="10" conditionals="6" coveredconditionals="5" methods="3" coveredmethods="3"/>
        <line num="10" count="1" type="stmt"/>
        <line num="11" count="8" type="stmt"/>
        <line num="12" count="8" type="stmt"/>
        <line num="13" count="8" type="stmt"/>
        <line num="14" count="8" type="stmt"/>
        <line num="15" count="1" type="stmt"/>
        <line num="20" count="1" type="stmt"/>
        <line num="21" count="1" type="stmt"/>
        <line num="23" count="8" type="stmt"/>
        <line num="64" count="2" type="cond" truecount="1" falsecount="1"/>
      </file>
      <file name="Layout.js" path="/Users/houqingshan/Documents/code/cs4218-2510-ecom-project-team005/client/src/components/Layout.js">
        <metrics statements="3" coveredstatements="3" conditionals="0" coveredconditionals="0" methods="1" coveredmethods="1"/>
        <line num="8" count="1" type="stmt"/>
        <line num="9" count="3" type="stmt"/>
        <line num="28" count="1" type="stmt"/>
      </file>
      <file name="Spinner.js" path="/Users/houqingshan/Documents/code/cs4218-2510-ecom-project-team005/client/src/components/Spinner.js">
        <metrics statements="10" coveredstatements="10" conditionals="3" coveredconditionals="3" methods="5" coveredmethods="5"/>
        <line num="4" count="1" type="cond" truecount="1" falsecount="0"/>
        <line num="5" count="8" type="stmt"/>
        <line num="6" count="8" type="stmt"/>
        <line num="7" count="8" type="stmt"/>
        <line num="9" count="8" type="stmt"/>
        <line num="10" count="8" type="stmt"/>
        <line num="11" count="8" type="stmt"/>
        <line num="13" count="8" type="cond" truecount="2" falsecount="0"/>
        <line num="16" count="8" type="stmt"/>
        <line num="18" count="8" type="stmt"/>
      </file>
    </package>
    <package name="components.Form">
      <metrics statements="3" coveredstatements="3" conditionals="0" coveredconditionals="0" methods="2" coveredmethods="2"/>
      <file name="CategoryForm.js" path="/Users/houqingshan/Documents/code/cs4218-2510-ecom-project-team005/client/src/components/Form/CategoryForm.js">
        <metrics statements="3" coveredstatements="3" conditionals="0" coveredconditionals="0" methods="2" coveredmethods="2"/>
        <line num="3" count="1" type="stmt"/>
        <line num="4" count="5" type="stmt"/>
        <line num="13" count="1" type="stmt"/>
      </file>
    </package>
    <package name="pages">
      <metrics statements="6" coveredstatements="6" conditionals="0" coveredconditionals="0" methods="3" coveredmethods="3"/>
      <file name="About.js" path="/Users/houqingshan/Documents/code/cs4218-2510-ecom-project-team005/client/src/pages/About.js">
        <metrics statements="2" coveredstatements="2" conditionals="0" coveredconditionals="0" methods="1" coveredmethods="1"/>
        <line num="4" count="1" type="stmt"/>
        <line num="5" count="5" type="stmt"/>
      </file>
      <file name="Pagenotfound.js" path="/Users/houqingshan/Documents/code/cs4218-2510-ecom-project-team005/client/src/pages/Pagenotfound.js">
        <metrics statements="2" coveredstatements="2" conditionals="0" coveredconditionals="0" methods="1" coveredmethods="1"/>
        <line num="5" count="1" type="stmt"/>
        <line num="6" count="3" type="stmt"/>
      </file>
      <file name="Policy.js" path="/Users/houqingshan/Documents/code/cs4218-2510-ecom-project-team005/client/src/pages/Policy.js">
        <metrics statements="2" coveredstatements="2" conditionals="0" coveredconditionals="0" methods="1" coveredmethods="1"/>
        <line num="4" count="1" type="stmt"/>
        <line num="5" count="3" type="stmt"/>
      </file>
    </package>
    <package name="pages.admin">
      <metrics statements="23" coveredstatements="21" conditionals="4" coveredconditionals="3" methods="8" coveredmethods="8"/>
      <file name="AdminOrders.js" path="/Users/houqingshan/Documents/code/cs4218-2510-ecom-project-team005/client/src/pages/admin/AdminOrders.js">
        <metrics statements="23" coveredstatements="21" conditionals="4" coveredconditionals="3" methods="8" coveredmethods="8"/>
        <line num="9" count="1" type="stmt"/>
        <line num="11" count="1" type="stmt"/>
        <line num="12" count="4" type="stmt"/>
        <line num="19" count="4" type="stmt"/>
        <line num="20" count="4" type="stmt"/>
        <line num="21" count="4" type="stmt"/>
        <line num="22" count="4" type="stmt"/>
        <line num="23" count="3" type="stmt"/>
        <line num="24" count="3" type="stmt"/>
        <line num="25" count="3" type="stmt"/>
        <line num="27" count="0" type="stmt"/>
        <line num="31" count="4" type="stmt"/>
        <line num="32" count="2" type="cond" truecount="1" falsecount="1"/>
        <line num="35" count="4" type="stmt"/>
        <line num="36" count="1" type="stmt"/>
        <line num="37" count="1" type="stmt"/>
        <line num="40" count="1" type="stmt"/>
        <line num="42" count="0" type="stmt"/>
        <line num="45" count="4" type="stmt"/>
        <line num="54" count="4" type="stmt"/>
        <line num="73" count="1" type="stmt"/>
        <line num="77" count="20" type="stmt"/>
        <line num="92" count="6" type="stmt"/>
      </file>
    </package>
  </project>
</coverage>
