{"C:\\Users\\adnan\\Desktop\\cs4218-2510-ecom-project-team005\\controllers\\authController.js": {"path":"C:\\Users\\adnan\\Desktop\\cs4218-2510-ecom-project-team005\\controllers\\authController.js","statementMap":{"0":{"start":{"line":7,"column":34},"end":{"line":63,"column":1}},"1":{"start":{"line":8,"column":2},"end":{"line":62,"column":3}},"2":{"start":{"line":9,"column":62},"end":{"line":9,"column":70}},"3":{"start":{"line":11,"column":4},"end":{"line":13,"column":5}},"4":{"start":{"line":12,"column":6},"end":{"line":12,"column":53}},"5":{"start":{"line":14,"column":4},"end":{"line":16,"column":5}},"6":{"start":{"line":15,"column":6},"end":{"line":15,"column":56}},"7":{"start":{"line":17,"column":4},"end":{"line":19,"column":5}},"8":{"start":{"line":18,"column":6},"end":{"line":18,"column":59}},"9":{"start":{"line":20,"column":4},"end":{"line":22,"column":5}},"10":{"start":{"line":21,"column":6},"end":{"line":21,"column":59}},"11":{"start":{"line":23,"column":4},"end":{"line":25,"column":5}},"12":{"start":{"line":24,"column":6},"end":{"line":24,"column":58}},"13":{"start":{"line":26,"column":4},"end":{"line":28,"column":5}},"14":{"start":{"line":27,"column":6},"end":{"line":27,"column":57}},"15":{"start":{"line":30,"column":26},"end":{"line":30,"column":60}},"16":{"start":{"line":32,"column":4},"end":{"line":37,"column":5}},"17":{"start":{"line":33,"column":6},"end":{"line":36,"column":9}},"18":{"start":{"line":39,"column":27},"end":{"line":39,"column":55}},"19":{"start":{"line":41,"column":17},"end":{"line":48,"column":13}},"20":{"start":{"line":50,"column":4},"end":{"line":54,"column":7}},"21":{"start":{"line":56,"column":4},"end":{"line":56,"column":23}},"22":{"start":{"line":57,"column":4},"end":{"line":61,"column":7}},"23":{"start":{"line":66,"column":31},"end":{"line":118,"column":1}},"24":{"start":{"line":67,"column":2},"end":{"line":117,"column":3}},"25":{"start":{"line":68,"column":32},"end":{"line":68,"column":40}},"26":{"start":{"line":70,"column":4},"end":{"line":75,"column":5}},"27":{"start":{"line":71,"column":6},"end":{"line":74,"column":9}},"28":{"start":{"line":77,"column":17},"end":{"line":77,"column":51}},"29":{"start":{"line":78,"column":4},"end":{"line":83,"column":5}},"30":{"start":{"line":79,"column":6},"end":{"line":82,"column":9}},"31":{"start":{"line":84,"column":18},"end":{"line":84,"column":64}},"32":{"start":{"line":85,"column":4},"end":{"line":90,"column":5}},"33":{"start":{"line":86,"column":6},"end":{"line":89,"column":9}},"34":{"start":{"line":95,"column":20},"end":{"line":95,"column":92}},"35":{"start":{"line":97,"column":6},"end":{"line":109,"column":7}},"36":{"start":{"line":111,"column":4},"end":{"line":111,"column":23}},"37":{"start":{"line":112,"column":4},"end":{"line":116,"column":7}},"38":{"start":{"line":122,"column":40},"end":{"line":182,"column":1}},"39":{"start":{"line":123,"column":2},"end":{"line":181,"column":3}},"40":{"start":{"line":124,"column":43},"end":{"line":124,"column":51}},"41":{"start":{"line":128,"column":4},"end":{"line":137,"column":5}},"42":{"start":{"line":132,"column":8},"end":{"line":135,"column":11}},"43":{"start":{"line":138,"column":4},"end":{"line":146,"column":5}},"44":{"start":{"line":142,"column":8},"end":{"line":145,"column":11}},"45":{"start":{"line":147,"column":4},"end":{"line":156,"column":5}},"46":{"start":{"line":151,"column":8},"end":{"line":154,"column":11}},"47":{"start":{"line":158,"column":17},"end":{"line":158,"column":59}},"48":{"start":{"line":160,"column":4},"end":{"line":165,"column":5}},"49":{"start":{"line":161,"column":5},"end":{"line":164,"column":9}},"50":{"start":{"line":166,"column":19},"end":{"line":166,"column":50}},"51":{"start":{"line":168,"column":6},"end":{"line":168,"column":87}},"52":{"start":{"line":170,"column":6},"end":{"line":173,"column":7}},"53":{"start":{"line":175,"column":4},"end":{"line":175,"column":23}},"54":{"start":{"line":176,"column":4},"end":{"line":180,"column":7}},"55":{"start":{"line":185,"column":30},"end":{"line":192,"column":1}},"56":{"start":{"line":186,"column":2},"end":{"line":191,"column":3}},"57":{"start":{"line":187,"column":4},"end":{"line":187,"column":33}},"58":{"start":{"line":189,"column":4},"end":{"line":189,"column":23}},"59":{"start":{"line":190,"column":4},"end":{"line":190,"column":24}},"60":{"start":{"line":195,"column":39},"end":{"line":227,"column":1}},"61":{"start":{"line":196,"column":2},"end":{"line":226,"column":3}},"62":{"start":{"line":197,"column":54},"end":{"line":197,"column":62}},"63":{"start":{"line":198,"column":17},"end":{"line":198,"column":55}},"64":{"start":{"line":200,"column":4},"end":{"line":202,"column":5}},"65":{"start":{"line":201,"column":6},"end":{"line":201,"column":79}},"66":{"start":{"line":203,"column":27},"end":{"line":203,"column":78}},"67":{"start":{"line":204,"column":24},"end":{"line":213,"column":5}},"68":{"start":{"line":214,"column":4},"end":{"line":218,"column":7}},"69":{"start":{"line":220,"column":4},"end":{"line":220,"column":23}},"70":{"start":{"line":221,"column":4},"end":{"line":225,"column":7}},"71":{"start":{"line":230,"column":35},"end":{"line":245,"column":1}},"72":{"start":{"line":231,"column":2},"end":{"line":244,"column":3}},"73":{"start":{"line":232,"column":19},"end":{"line":235,"column":32}},"74":{"start":{"line":236,"column":4},"end":{"line":236,"column":21}},"75":{"start":{"line":238,"column":4},"end":{"line":238,"column":23}},"76":{"start":{"line":239,"column":4},"end":{"line":243,"column":7}},"77":{"start":{"line":248,"column":38},"end":{"line":264,"column":1}},"78":{"start":{"line":249,"column":2},"end":{"line":263,"column":3}},"79":{"start":{"line":250,"column":19},"end":{"line":254,"column":32}},"80":{"start":{"line":255,"column":4},"end":{"line":255,"column":21}},"81":{"start":{"line":257,"column":4},"end":{"line":257,"column":23}},"82":{"start":{"line":258,"column":4},"end":{"line":262,"column":7}},"83":{"start":{"line":267,"column":37},"end":{"line":285,"column":1}},"84":{"start":{"line":268,"column":2},"end":{"line":284,"column":3}},"85":{"start":{"line":269,"column":24},"end":{"line":269,"column":34}},"86":{"start":{"line":270,"column":23},"end":{"line":270,"column":31}},"87":{"start":{"line":271,"column":19},"end":{"line":275,"column":5}},"88":{"start":{"line":276,"column":4},"end":{"line":276,"column":21}},"89":{"start":{"line":278,"column":4},"end":{"line":278,"column":23}},"90":{"start":{"line":279,"column":4},"end":{"line":283,"column":7}}},"fnMap":{"0":{"name":"(anonymous_0)","decl":{"start":{"line":7,"column":34},"end":{"line":7,"column":35}},"loc":{"start":{"line":7,"column":54},"end":{"line":63,"column":1}},"line":7},"1":{"name":"(anonymous_1)","decl":{"start":{"line":66,"column":31},"end":{"line":66,"column":32}},"loc":{"start":{"line":66,"column":51},"end":{"line":118,"column":1}},"line":66},"2":{"name":"(anonymous_2)","decl":{"start":{"line":122,"column":40},"end":{"line":122,"column":41}},"loc":{"start":{"line":122,"column":60},"end":{"line":182,"column":1}},"line":122},"3":{"name":"(anonymous_3)","decl":{"start":{"line":185,"column":30},"end":{"line":185,"column":31}},"loc":{"start":{"line":185,"column":44},"end":{"line":192,"column":1}},"line":185},"4":{"name":"(anonymous_4)","decl":{"start":{"line":195,"column":39},"end":{"line":195,"column":40}},"loc":{"start":{"line":195,"column":59},"end":{"line":227,"column":1}},"line":195},"5":{"name":"(anonymous_5)","decl":{"start":{"line":230,"column":35},"end":{"line":230,"column":36}},"loc":{"start":{"line":230,"column":55},"end":{"line":245,"column":1}},"line":230},"6":{"name":"(anonymous_6)","decl":{"start":{"line":248,"column":38},"end":{"line":248,"column":39}},"loc":{"start":{"line":248,"column":58},"end":{"line":264,"column":1}},"line":248},"7":{"name":"(anonymous_7)","decl":{"start":{"line":267,"column":37},"end":{"line":267,"column":38}},"loc":{"start":{"line":267,"column":57},"end":{"line":285,"column":1}},"line":267}},"branchMap":{"0":{"loc":{"start":{"line":11,"column":4},"end":{"line":13,"column":5}},"type":"if","locations":[{"start":{"line":11,"column":4},"end":{"line":13,"column":5}},{"start":{},"end":{}}],"line":11},"1":{"loc":{"start":{"line":14,"column":4},"end":{"line":16,"column":5}},"type":"if","locations":[{"start":{"line":14,"column":4},"end":{"line":16,"column":5}},{"start":{},"end":{}}],"line":14},"2":{"loc":{"start":{"line":17,"column":4},"end":{"line":19,"column":5}},"type":"if","locations":[{"start":{"line":17,"column":4},"end":{"line":19,"column":5}},{"start":{},"end":{}}],"line":17},"3":{"loc":{"start":{"line":20,"column":4},"end":{"line":22,"column":5}},"type":"if","locations":[{"start":{"line":20,"column":4},"end":{"line":22,"column":5}},{"start":{},"end":{}}],"line":20},"4":{"loc":{"start":{"line":23,"column":4},"end":{"line":25,"column":5}},"type":"if","locations":[{"start":{"line":23,"column":4},"end":{"line":25,"column":5}},{"start":{},"end":{}}],"line":23},"5":{"loc":{"start":{"line":26,"column":4},"end":{"line":28,"column":5}},"type":"if","locations":[{"start":{"line":26,"column":4},"end":{"line":28,"column":5}},{"start":{},"end":{}}],"line":26},"6":{"loc":{"start":{"line":32,"column":4},"end":{"line":37,"column":5}},"type":"if","locations":[{"start":{"line":32,"column":4},"end":{"line":37,"column":5}},{"start":{},"end":{}}],"line":32},"7":{"loc":{"start":{"line":70,"column":4},"end":{"line":75,"column":5}},"type":"if","locations":[{"start":{"line":70,"column":4},"end":{"line":75,"column":5}},{"start":{},"end":{}}],"line":70},"8":{"loc":{"start":{"line":70,"column":8},"end":{"line":70,"column":27}},"type":"binary-expr","locations":[{"start":{"line":70,"column":8},"end":{"line":70,"column":14}},{"start":{"line":70,"column":18},"end":{"line":70,"column":27}}],"line":70},"9":{"loc":{"start":{"line":78,"column":4},"end":{"line":83,"column":5}},"type":"if","locations":[{"start":{"line":78,"column":4},"end":{"line":83,"column":5}},{"start":{},"end":{}}],"line":78},"10":{"loc":{"start":{"line":85,"column":4},"end":{"line":90,"column":5}},"type":"if","locations":[{"start":{"line":85,"column":4},"end":{"line":90,"column":5}},{"start":{},"end":{}}],"line":85},"11":{"loc":{"start":{"line":128,"column":4},"end":{"line":137,"column":5}},"type":"if","locations":[{"start":{"line":128,"column":4},"end":{"line":137,"column":5}},{"start":{},"end":{}}],"line":128},"12":{"loc":{"start":{"line":138,"column":4},"end":{"line":146,"column":5}},"type":"if","locations":[{"start":{"line":138,"column":4},"end":{"line":146,"column":5}},{"start":{},"end":{}}],"line":138},"13":{"loc":{"start":{"line":147,"column":4},"end":{"line":156,"column":5}},"type":"if","locations":[{"start":{"line":147,"column":4},"end":{"line":156,"column":5}},{"start":{},"end":{}}],"line":147},"14":{"loc":{"start":{"line":160,"column":4},"end":{"line":165,"column":5}},"type":"if","locations":[{"start":{"line":160,"column":4},"end":{"line":165,"column":5}},{"start":{},"end":{}}],"line":160},"15":{"loc":{"start":{"line":200,"column":4},"end":{"line":202,"column":5}},"type":"if","locations":[{"start":{"line":200,"column":4},"end":{"line":202,"column":5}},{"start":{},"end":{}}],"line":200},"16":{"loc":{"start":{"line":200,"column":8},"end":{"line":200,"column":39}},"type":"binary-expr","locations":[{"start":{"line":200,"column":8},"end":{"line":200,"column":16}},{"start":{"line":200,"column":20},"end":{"line":200,"column":39}}],"line":200},"17":{"loc":{"start":{"line":203,"column":27},"end":{"line":203,"column":78}},"type":"cond-expr","locations":[{"start":{"line":203,"column":38},"end":{"line":203,"column":66}},{"start":{"line":203,"column":69},"end":{"line":203,"column":78}}],"line":203},"18":{"loc":{"start":{"line":207,"column":14},"end":{"line":207,"column":31}},"type":"binary-expr","locations":[{"start":{"line":207,"column":14},"end":{"line":207,"column":18}},{"start":{"line":207,"column":22},"end":{"line":207,"column":31}}],"line":207},"19":{"loc":{"start":{"line":208,"column":18},"end":{"line":208,"column":49}},"type":"binary-expr","locations":[{"start":{"line":208,"column":18},"end":{"line":208,"column":32}},{"start":{"line":208,"column":36},"end":{"line":208,"column":49}}],"line":208},"20":{"loc":{"start":{"line":209,"column":15},"end":{"line":209,"column":34}},"type":"binary-expr","locations":[{"start":{"line":209,"column":15},"end":{"line":209,"column":20}},{"start":{"line":209,"column":24},"end":{"line":209,"column":34}}],"line":209},"21":{"loc":{"start":{"line":210,"column":17},"end":{"line":210,"column":40}},"type":"binary-expr","locations":[{"start":{"line":210,"column":17},"end":{"line":210,"column":24}},{"start":{"line":210,"column":28},"end":{"line":210,"column":40}}],"line":210}},"s":{"0":3,"1":22,"2":22,"3":22,"4":3,"5":19,"6":4,"7":15,"8":2,"9":13,"10":2,"11":11,"12":1,"13":10,"14":1,"15":9,"16":8,"17":3,"18":5,"19":5,"20":5,"21":1,"22":1,"23":3,"24":11,"25":11,"26":11,"27":2,"28":9,"29":8,"30":2,"31":6,"32":6,"33":3,"34":3,"35":3,"36":1,"37":1,"38":3,"39":11,"40":11,"41":11,"42":2,"43":9,"44":1,"45":8,"46":1,"47":7,"48":6,"49":3,"50":3,"51":3,"52":3,"53":1,"54":1,"55":3,"56":3,"57":3,"58":1,"59":1,"60":3,"61":0,"62":0,"63":0,"64":0,"65":0,"66":0,"67":0,"68":0,"69":0,"70":0,"71":3,"72":0,"73":0,"74":0,"75":0,"76":0,"77":3,"78":0,"79":0,"80":0,"81":0,"82":0,"83":3,"84":0,"85":0,"86":0,"87":0,"88":0,"89":0,"90":0},"f":{"0":22,"1":11,"2":11,"3":3,"4":0,"5":0,"6":0,"7":0},"b":{"0":[3,19],"1":[4,15],"2":[2,13],"3":[2,11],"4":[1,10],"5":[1,9],"6":[3,5],"7":[2,9],"8":[11,10],"9":[2,6],"10":[3,3],"11":[2,9],"12":[1,8],"13":[1,7],"14":[3,3],"15":[0,0],"16":[0,0],"17":[0,0],"18":[0,0],"19":[0,0],"20":[0,0],"21":[0,0]},"inputSourceMap":null,"_coverageSchema":"1a1c01bbd47fc00a2c39e90264f33305004495a9","hash":"851f5ef9cf2bc3650a8e8faa497210331b8beda3"}
,"C:\\Users\\adnan\\Desktop\\cs4218-2510-ecom-project-team005\\controllers\\categoryController.js": {"path":"C:\\Users\\adnan\\Desktop\\cs4218-2510-ecom-project-team005\\controllers\\categoryController.js","statementMap":{"0":{"start":{"line":5,"column":40},"end":{"line":37,"column":1}},"1":{"start":{"line":6,"column":2},"end":{"line":36,"column":3}},"2":{"start":{"line":7,"column":21},"end":{"line":7,"column":29}},"3":{"start":{"line":8,"column":4},"end":{"line":10,"column":5}},"4":{"start":{"line":9,"column":6},"end":{"line":9,"column":67}},"5":{"start":{"line":11,"column":29},"end":{"line":11,"column":66}},"6":{"start":{"line":12,"column":4},"end":{"line":18,"column":5}},"7":{"start":{"line":13,"column":6},"end":{"line":17,"column":9}},"8":{"start":{"line":19,"column":21},"end":{"line":22,"column":13}},"9":{"start":{"line":23,"column":4},"end":{"line":27,"column":7}},"10":{"start":{"line":29,"column":4},"end":{"line":29,"column":23}},"11":{"start":{"line":30,"column":4},"end":{"line":35,"column":7}},"12":{"start":{"line":42,"column":40},"end":{"line":65,"column":1}},"13":{"start":{"line":43,"column":2},"end":{"line":64,"column":3}},"14":{"start":{"line":44,"column":21},"end":{"line":44,"column":29}},"15":{"start":{"line":45,"column":19},"end":{"line":45,"column":29}},"16":{"start":{"line":46,"column":21},"end":{"line":50,"column":5}},"17":{"start":{"line":51,"column":4},"end":{"line":56,"column":7}},"18":{"start":{"line":58,"column":4},"end":{"line":58,"column":23}},"19":{"start":{"line":59,"column":4},"end":{"line":63,"column":7}},"20":{"start":{"line":68,"column":34},"end":{"line":84,"column":1}},"21":{"start":{"line":69,"column":2},"end":{"line":83,"column":3}},"22":{"start":{"line":70,"column":21},"end":{"line":70,"column":49}},"23":{"start":{"line":71,"column":4},"end":{"line":75,"column":7}},"24":{"start":{"line":77,"column":4},"end":{"line":77,"column":23}},"25":{"start":{"line":78,"column":4},"end":{"line":82,"column":7}},"26":{"start":{"line":89,"column":40},"end":{"line":106,"column":1}},"27":{"start":{"line":90,"column":2},"end":{"line":105,"column":3}},"28":{"start":{"line":91,"column":21},"end":{"line":91,"column":75}},"29":{"start":{"line":92,"column":4},"end":{"line":97,"column":7}},"30":{"start":{"line":99,"column":4},"end":{"line":99,"column":23}},"31":{"start":{"line":100,"column":4},"end":{"line":104,"column":7}},"32":{"start":{"line":109,"column":40},"end":{"line":126,"column":1}},"33":{"start":{"line":110,"column":2},"end":{"line":125,"column":3}},"34":{"start":{"line":111,"column":19},"end":{"line":111,"column":29}},"35":{"start":{"line":112,"column":4},"end":{"line":112,"column":46}},"36":{"start":{"line":113,"column":4},"end":{"line":117,"column":7}},"37":{"start":{"line":119,"column":4},"end":{"line":119,"column":23}},"38":{"start":{"line":120,"column":4},"end":{"line":124,"column":7}}},"fnMap":{"0":{"name":"(anonymous_0)","decl":{"start":{"line":5,"column":40},"end":{"line":5,"column":41}},"loc":{"start":{"line":5,"column":60},"end":{"line":37,"column":1}},"line":5},"1":{"name":"(anonymous_1)","decl":{"start":{"line":42,"column":40},"end":{"line":42,"column":41}},"loc":{"start":{"line":42,"column":60},"end":{"line":65,"column":1}},"line":42},"2":{"name":"(anonymous_2)","decl":{"start":{"line":68,"column":34},"end":{"line":68,"column":35}},"loc":{"start":{"line":68,"column":54},"end":{"line":84,"column":1}},"line":68},"3":{"name":"(anonymous_3)","decl":{"start":{"line":89,"column":40},"end":{"line":89,"column":41}},"loc":{"start":{"line":89,"column":60},"end":{"line":106,"column":1}},"line":89},"4":{"name":"(anonymous_4)","decl":{"start":{"line":109,"column":40},"end":{"line":109,"column":41}},"loc":{"start":{"line":109,"column":60},"end":{"line":126,"column":1}},"line":109}},"branchMap":{"0":{"loc":{"start":{"line":8,"column":4},"end":{"line":10,"column":5}},"type":"if","locations":[{"start":{"line":8,"column":4},"end":{"line":10,"column":5}},{"start":{},"end":{}}],"line":8},"1":{"loc":{"start":{"line":12,"column":4},"end":{"line":18,"column":5}},"type":"if","locations":[{"start":{"line":12,"column":4},"end":{"line":18,"column":5}},{"start":{},"end":{}}],"line":12}},"s":{"0":1,"1":0,"2":0,"3":0,"4":0,"5":0,"6":0,"7":0,"8":0,"9":0,"10":0,"11":0,"12":1,"13":0,"14":0,"15":0,"16":0,"17":0,"18":0,"19":0,"20":1,"21":3,"22":3,"23":2,"24":1,"25":1,"26":1,"27":5,"28":5,"29":4,"30":1,"31":1,"32":1,"33":0,"34":0,"35":0,"36":0,"37":0,"38":0},"f":{"0":0,"1":0,"2":3,"3":5,"4":0},"b":{"0":[0,0],"1":[0,0]},"inputSourceMap":null,"_coverageSchema":"1a1c01bbd47fc00a2c39e90264f33305004495a9","hash":"3f4c3ea669fede396d6357c4f5eb741a399720a2"}
,"C:\\Users\\adnan\\Desktop\\cs4218-2510-ecom-project-team005\\controllers\\productController.js": {"path":"C:\\Users\\adnan\\Desktop\\cs4218-2510-ecom-project-team005\\controllers\\productController.js","statementMap":{"0":{"start":{"line":10,"column":0},"end":{"line":10,"column":16}},"1":{"start":{"line":13,"column":14},"end":{"line":18,"column":2}},"2":{"start":{"line":20,"column":39},"end":{"line":74,"column":1}},"3":{"start":{"line":21,"column":2},"end":{"line":73,"column":3}},"4":{"start":{"line":23,"column":6},"end":{"line":23,"column":16}},"5":{"start":{"line":24,"column":22},"end":{"line":24,"column":31}},"6":{"start":{"line":26,"column":4},"end":{"line":41,"column":5}},"7":{"start":{"line":28,"column":8},"end":{"line":28,"column":67}},"8":{"start":{"line":30,"column":8},"end":{"line":30,"column":74}},"9":{"start":{"line":32,"column":8},"end":{"line":32,"column":68}},"10":{"start":{"line":34,"column":8},"end":{"line":34,"column":71}},"11":{"start":{"line":36,"column":8},"end":{"line":36,"column":71}},"12":{"start":{"line":38,"column":8},"end":{"line":40,"column":74}},"13":{"start":{"line":46,"column":25},"end":{"line":46,"column":79}},"14":{"start":{"line":47,"column":4},"end":{"line":51,"column":5}},"15":{"start":{"line":48,"column":6},"end":{"line":50,"column":9}},"16":{"start":{"line":53,"column":21},"end":{"line":53,"column":77}},"17":{"start":{"line":54,"column":4},"end":{"line":54,"column":54}},"18":{"start":{"line":55,"column":4},"end":{"line":55,"column":44}},"19":{"start":{"line":57,"column":4},"end":{"line":57,"column":26}},"20":{"start":{"line":58,"column":4},"end":{"line":62,"column":7}},"21":{"start":{"line":64,"column":4},"end":{"line":64,"column":23}},"22":{"start":{"line":68,"column":4},"end":{"line":72,"column":7}},"23":{"start":{"line":77,"column":36},"end":{"line":99,"column":1}},"24":{"start":{"line":78,"column":2},"end":{"line":98,"column":3}},"25":{"start":{"line":79,"column":21},"end":{"line":84,"column":30}},"26":{"start":{"line":85,"column":4},"end":{"line":90,"column":7}},"27":{"start":{"line":92,"column":4},"end":{"line":92,"column":23}},"28":{"start":{"line":93,"column":4},"end":{"line":97,"column":7}},"29":{"start":{"line":102,"column":42},"end":{"line":121,"column":1}},"30":{"start":{"line":103,"column":2},"end":{"line":120,"column":3}},"31":{"start":{"line":104,"column":20},"end":{"line":107,"column":27}},"32":{"start":{"line":108,"column":4},"end":{"line":112,"column":7}},"33":{"start":{"line":114,"column":4},"end":{"line":114,"column":23}},"34":{"start":{"line":115,"column":4},"end":{"line":119,"column":7}},"35":{"start":{"line":124,"column":38},"end":{"line":143,"column":1}},"36":{"start":{"line":125,"column":2},"end":{"line":142,"column":3}},"37":{"start":{"line":126,"column":20},"end":{"line":126,"column":79}},"38":{"start":{"line":127,"column":4},"end":{"line":132,"column":5}},"39":{"start":{"line":128,"column":6},"end":{"line":131,"column":9}},"40":{"start":{"line":133,"column":4},"end":{"line":133,"column":55}},"41":{"start":{"line":134,"column":4},"end":{"line":134,"column":52}},"42":{"start":{"line":136,"column":4},"end":{"line":136,"column":23}},"43":{"start":{"line":137,"column":4},"end":{"line":141,"column":7}},"44":{"start":{"line":146,"column":39},"end":{"line":193,"column":1}},"45":{"start":{"line":147,"column":2},"end":{"line":192,"column":3}},"46":{"start":{"line":152,"column":4},"end":{"line":157,"column":5}},"47":{"start":{"line":153,"column":6},"end":{"line":156,"column":9}},"48":{"start":{"line":163,"column":21},"end":{"line":163,"column":45}},"49":{"start":{"line":164,"column":4},"end":{"line":169,"column":5}},"50":{"start":{"line":165,"column":6},"end":{"line":168,"column":9}},"51":{"start":{"line":171,"column":20},"end":{"line":173,"column":23}},"52":{"start":{"line":175,"column":4},"end":{"line":180,"column":5}},"53":{"start":{"line":176,"column":6},"end":{"line":179,"column":9}},"54":{"start":{"line":181,"column":4},"end":{"line":184,"column":7}},"55":{"start":{"line":186,"column":4},"end":{"line":186,"column":23}},"56":{"start":{"line":187,"column":4},"end":{"line":191,"column":7}},"57":{"start":{"line":196,"column":39},"end":{"line":279,"column":1}},"58":{"start":{"line":197,"column":2},"end":{"line":278,"column":3}},"59":{"start":{"line":199,"column":6},"end":{"line":199,"column":16}},"60":{"start":{"line":200,"column":22},"end":{"line":200,"column":31}},"61":{"start":{"line":202,"column":4},"end":{"line":217,"column":5}},"62":{"start":{"line":204,"column":8},"end":{"line":204,"column":67}},"63":{"start":{"line":206,"column":8},"end":{"line":206,"column":74}},"64":{"start":{"line":208,"column":8},"end":{"line":208,"column":68}},"65":{"start":{"line":210,"column":8},"end":{"line":210,"column":71}},"66":{"start":{"line":212,"column":8},"end":{"line":212,"column":71}},"67":{"start":{"line":214,"column":8},"end":{"line":216,"column":74}},"68":{"start":{"line":222,"column":4},"end":{"line":226,"column":5}},"69":{"start":{"line":223,"column":6},"end":{"line":225,"column":9}},"70":{"start":{"line":231,"column":4},"end":{"line":235,"column":5}},"71":{"start":{"line":232,"column":6},"end":{"line":234,"column":9}},"72":{"start":{"line":237,"column":21},"end":{"line":241,"column":5}},"73":{"start":{"line":247,"column":4},"end":{"line":252,"column":5}},"74":{"start":{"line":248,"column":6},"end":{"line":251,"column":9}},"75":{"start":{"line":258,"column":4},"end":{"line":264,"column":5}},"76":{"start":{"line":259,"column":6},"end":{"line":261,"column":7}},"77":{"start":{"line":260,"column":8},"end":{"line":260,"column":28}},"78":{"start":{"line":262,"column":6},"end":{"line":262,"column":56}},"79":{"start":{"line":263,"column":6},"end":{"line":263,"column":46}},"80":{"start":{"line":265,"column":4},"end":{"line":265,"column":26}},"81":{"start":{"line":266,"column":4},"end":{"line":270,"column":7}},"82":{"start":{"line":272,"column":4},"end":{"line":272,"column":23}},"83":{"start":{"line":273,"column":4},"end":{"line":277,"column":7}},"84":{"start":{"line":282,"column":40},"end":{"line":301,"column":1}},"85":{"start":{"line":283,"column":2},"end":{"line":300,"column":3}},"86":{"start":{"line":284,"column":31},"end":{"line":284,"column":39}},"87":{"start":{"line":285,"column":15},"end":{"line":285,"column":17}},"88":{"start":{"line":286,"column":4},"end":{"line":286,"column":52}},"89":{"start":{"line":286,"column":28},"end":{"line":286,"column":52}},"90":{"start":{"line":287,"column":4},"end":{"line":287,"column":70}},"91":{"start":{"line":287,"column":22},"end":{"line":287,"column":70}},"92":{"start":{"line":288,"column":21},"end":{"line":288,"column":50}},"93":{"start":{"line":289,"column":4},"end":{"line":292,"column":7}},"94":{"start":{"line":294,"column":4},"end":{"line":294,"column":23}},"95":{"start":{"line":295,"column":4},"end":{"line":299,"column":7}},"96":{"start":{"line":304,"column":38},"end":{"line":319,"column":1}},"97":{"start":{"line":305,"column":2},"end":{"line":318,"column":3}},"98":{"start":{"line":306,"column":18},"end":{"line":306,"column":70}},"99":{"start":{"line":307,"column":4},"end":{"line":310,"column":7}},"100":{"start":{"line":312,"column":4},"end":{"line":312,"column":23}},"101":{"start":{"line":313,"column":4},"end":{"line":317,"column":7}},"102":{"start":{"line":321,"column":46},"end":{"line":340,"column":1}},"103":{"start":{"line":322,"column":2},"end":{"line":339,"column":3}},"104":{"start":{"line":323,"column":21},"end":{"line":323,"column":75}},"105":{"start":{"line":324,"column":18},"end":{"line":326,"column":23}},"106":{"start":{"line":328,"column":4},"end":{"line":331,"column":7}},"107":{"start":{"line":333,"column":4},"end":{"line":333,"column":23}},"108":{"start":{"line":334,"column":4},"end":{"line":338,"column":7}},"109":{"start":{"line":343,"column":37},"end":{"line":365,"column":1}},"110":{"start":{"line":344,"column":2},"end":{"line":364,"column":3}},"111":{"start":{"line":345,"column":20},"end":{"line":345,"column":21}},"112":{"start":{"line":346,"column":17},"end":{"line":346,"column":60}},"113":{"start":{"line":347,"column":21},"end":{"line":352,"column":30}},"114":{"start":{"line":353,"column":4},"end":{"line":356,"column":7}},"115":{"start":{"line":358,"column":4},"end":{"line":358,"column":23}},"116":{"start":{"line":359,"column":4},"end":{"line":363,"column":7}},"117":{"start":{"line":368,"column":39},"end":{"line":388,"column":1}},"118":{"start":{"line":369,"column":2},"end":{"line":387,"column":3}},"119":{"start":{"line":370,"column":24},"end":{"line":370,"column":34}},"120":{"start":{"line":371,"column":20},"end":{"line":378,"column":23}},"121":{"start":{"line":379,"column":4},"end":{"line":379,"column":22}},"122":{"start":{"line":381,"column":4},"end":{"line":381,"column":23}},"123":{"start":{"line":382,"column":4},"end":{"line":386,"column":7}},"124":{"start":{"line":391,"column":40},"end":{"line":414,"column":1}},"125":{"start":{"line":392,"column":2},"end":{"line":413,"column":3}},"126":{"start":{"line":393,"column":25},"end":{"line":393,"column":35}},"127":{"start":{"line":394,"column":21},"end":{"line":401,"column":27}},"128":{"start":{"line":402,"column":4},"end":{"line":405,"column":7}},"129":{"start":{"line":407,"column":4},"end":{"line":407,"column":23}},"130":{"start":{"line":408,"column":4},"end":{"line":412,"column":7}},"131":{"start":{"line":417,"column":41},"end":{"line":442,"column":1}},"132":{"start":{"line":418,"column":2},"end":{"line":441,"column":3}},"133":{"start":{"line":419,"column":20},"end":{"line":419,"column":21}},"134":{"start":{"line":420,"column":17},"end":{"line":420,"column":60}},"135":{"start":{"line":422,"column":21},"end":{"line":422,"column":75}},"136":{"start":{"line":423,"column":21},"end":{"line":428,"column":30}},"137":{"start":{"line":429,"column":4},"end":{"line":433,"column":7}},"138":{"start":{"line":435,"column":4},"end":{"line":435,"column":23}},"139":{"start":{"line":436,"column":4},"end":{"line":440,"column":7}},"140":{"start":{"line":446,"column":40},"end":{"line":468,"column":1}},"141":{"start":{"line":447,"column":2},"end":{"line":467,"column":3}},"142":{"start":{"line":448,"column":4},"end":{"line":459,"column":7}},"143":{"start":{"line":449,"column":6},"end":{"line":458,"column":7}},"144":{"start":{"line":450,"column":8},"end":{"line":450,"column":25}},"145":{"start":{"line":451,"column":8},"end":{"line":455,"column":11}},"146":{"start":{"line":457,"column":8},"end":{"line":457,"column":27}},"147":{"start":{"line":461,"column":4},"end":{"line":461,"column":23}},"148":{"start":{"line":462,"column":4},"end":{"line":466,"column":7}},"149":{"start":{"line":471,"column":42},"end":{"line":544,"column":1}},"150":{"start":{"line":472,"column":2},"end":{"line":543,"column":3}},"151":{"start":{"line":473,"column":28},"end":{"line":473,"column":36}},"152":{"start":{"line":476,"column":4},"end":{"line":481,"column":5}},"153":{"start":{"line":477,"column":6},"end":{"line":480,"column":9}},"154":{"start":{"line":483,"column":4},"end":{"line":488,"column":5}},"155":{"start":{"line":484,"column":6},"end":{"line":487,"column":9}},"156":{"start":{"line":490,"column":4},"end":{"line":495,"column":5}},"157":{"start":{"line":491,"column":6},"end":{"line":494,"column":9}},"158":{"start":{"line":498,"column":18},"end":{"line":498,"column":65}},"159":{"start":{"line":498,"column":45},"end":{"line":498,"column":61}},"160":{"start":{"line":500,"column":25},"end":{"line":535,"column":5}},"161":{"start":{"line":509,"column":8},"end":{"line":533,"column":9}},"162":{"start":{"line":510,"column":10},"end":{"line":525,"column":11}},"163":{"start":{"line":512,"column":26},"end":{"line":516,"column":21}},"164":{"start":{"line":517,"column":12},"end":{"line":517,"column":35}},"165":{"start":{"line":519,"column":12},"end":{"line":519,"column":35}},"166":{"start":{"line":520,"column":12},"end":{"line":524,"column":15}},"167":{"start":{"line":527,"column":10},"end":{"line":527,"column":29}},"168":{"start":{"line":528,"column":10},"end":{"line":532,"column":13}},"169":{"start":{"line":537,"column":4},"end":{"line":537,"column":23}},"170":{"start":{"line":538,"column":4},"end":{"line":542,"column":7}}},"fnMap":{"0":{"name":"(anonymous_0)","decl":{"start":{"line":20,"column":39},"end":{"line":20,"column":40}},"loc":{"start":{"line":20,"column":59},"end":{"line":74,"column":1}},"line":20},"1":{"name":"(anonymous_1)","decl":{"start":{"line":77,"column":36},"end":{"line":77,"column":37}},"loc":{"start":{"line":77,"column":56},"end":{"line":99,"column":1}},"line":77},"2":{"name":"(anonymous_2)","decl":{"start":{"line":102,"column":42},"end":{"line":102,"column":43}},"loc":{"start":{"line":102,"column":62},"end":{"line":121,"column":1}},"line":102},"3":{"name":"(anonymous_3)","decl":{"start":{"line":124,"column":38},"end":{"line":124,"column":39}},"loc":{"start":{"line":124,"column":58},"end":{"line":143,"column":1}},"line":124},"4":{"name":"(anonymous_4)","decl":{"start":{"line":146,"column":39},"end":{"line":146,"column":40}},"loc":{"start":{"line":146,"column":59},"end":{"line":193,"column":1}},"line":146},"5":{"name":"(anonymous_5)","decl":{"start":{"line":196,"column":39},"end":{"line":196,"column":40}},"loc":{"start":{"line":196,"column":59},"end":{"line":279,"column":1}},"line":196},"6":{"name":"(anonymous_6)","decl":{"start":{"line":282,"column":40},"end":{"line":282,"column":41}},"loc":{"start":{"line":282,"column":60},"end":{"line":301,"column":1}},"line":282},"7":{"name":"(anonymous_7)","decl":{"start":{"line":304,"column":38},"end":{"line":304,"column":39}},"loc":{"start":{"line":304,"column":58},"end":{"line":319,"column":1}},"line":304},"8":{"name":"(anonymous_8)","decl":{"start":{"line":321,"column":46},"end":{"line":321,"column":47}},"loc":{"start":{"line":321,"column":66},"end":{"line":340,"column":1}},"line":321},"9":{"name":"(anonymous_9)","decl":{"start":{"line":343,"column":37},"end":{"line":343,"column":38}},"loc":{"start":{"line":343,"column":57},"end":{"line":365,"column":1}},"line":343},"10":{"name":"(anonymous_10)","decl":{"start":{"line":368,"column":39},"end":{"line":368,"column":40}},"loc":{"start":{"line":368,"column":59},"end":{"line":388,"column":1}},"line":368},"11":{"name":"(anonymous_11)","decl":{"start":{"line":391,"column":40},"end":{"line":391,"column":41}},"loc":{"start":{"line":391,"column":60},"end":{"line":414,"column":1}},"line":391},"12":{"name":"(anonymous_12)","decl":{"start":{"line":417,"column":41},"end":{"line":417,"column":42}},"loc":{"start":{"line":417,"column":61},"end":{"line":442,"column":1}},"line":417},"13":{"name":"(anonymous_13)","decl":{"start":{"line":446,"column":40},"end":{"line":446,"column":41}},"loc":{"start":{"line":446,"column":60},"end":{"line":468,"column":1}},"line":446},"14":{"name":"(anonymous_14)","decl":{"start":{"line":448,"column":37},"end":{"line":448,"column":38}},"loc":{"start":{"line":448,"column":62},"end":{"line":459,"column":5}},"line":448},"15":{"name":"(anonymous_15)","decl":{"start":{"line":471,"column":42},"end":{"line":471,"column":43}},"loc":{"start":{"line":471,"column":62},"end":{"line":544,"column":1}},"line":471},"16":{"name":"(anonymous_16)","decl":{"start":{"line":498,"column":30},"end":{"line":498,"column":31}},"loc":{"start":{"line":498,"column":45},"end":{"line":498,"column":61}},"line":498},"17":{"name":"(anonymous_17)","decl":{"start":{"line":508,"column":6},"end":{"line":508,"column":7}},"loc":{"start":{"line":508,"column":37},"end":{"line":534,"column":7}},"line":508}},"branchMap":{"0":{"loc":{"start":{"line":26,"column":4},"end":{"line":41,"column":5}},"type":"switch","locations":[{"start":{"line":27,"column":6},"end":{"line":28,"column":67}},{"start":{"line":29,"column":6},"end":{"line":30,"column":74}},{"start":{"line":31,"column":6},"end":{"line":32,"column":68}},{"start":{"line":33,"column":6},"end":{"line":34,"column":71}},{"start":{"line":35,"column":6},"end":{"line":36,"column":71}},{"start":{"line":37,"column":6},"end":{"line":40,"column":74}}],"line":26},"1":{"loc":{"start":{"line":37,"column":11},"end":{"line":37,"column":41}},"type":"binary-expr","locations":[{"start":{"line":37,"column":11},"end":{"line":37,"column":17}},{"start":{"line":37,"column":21},"end":{"line":37,"column":41}}],"line":37},"2":{"loc":{"start":{"line":47,"column":4},"end":{"line":51,"column":5}},"type":"if","locations":[{"start":{"line":47,"column":4},"end":{"line":51,"column":5}},{"start":{},"end":{}}],"line":47},"3":{"loc":{"start":{"line":127,"column":4},"end":{"line":132,"column":5}},"type":"if","locations":[{"start":{"line":127,"column":4},"end":{"line":132,"column":5}},{"start":{},"end":{}}],"line":127},"4":{"loc":{"start":{"line":127,"column":8},"end":{"line":127,"column":57}},"type":"binary-expr","locations":[{"start":{"line":127,"column":8},"end":{"line":127,"column":16}},{"start":{"line":127,"column":20},"end":{"line":127,"column":34}},{"start":{"line":127,"column":38},"end":{"line":127,"column":57}}],"line":127},"5":{"loc":{"start":{"line":152,"column":4},"end":{"line":157,"column":5}},"type":"if","locations":[{"start":{"line":152,"column":4},"end":{"line":157,"column":5}},{"start":{},"end":{}}],"line":152},"6":{"loc":{"start":{"line":152,"column":8},"end":{"line":152,"column":46}},"type":"binary-expr","locations":[{"start":{"line":152,"column":8},"end":{"line":152,"column":17}},{"start":{"line":152,"column":21},"end":{"line":152,"column":46}}],"line":152},"7":{"loc":{"start":{"line":164,"column":4},"end":{"line":169,"column":5}},"type":"if","locations":[{"start":{"line":164,"column":4},"end":{"line":169,"column":5}},{"start":{},"end":{}}],"line":164},"8":{"loc":{"start":{"line":175,"column":4},"end":{"line":180,"column":5}},"type":"if","locations":[{"start":{"line":175,"column":4},"end":{"line":180,"column":5}},{"start":{},"end":{}}],"line":175},"9":{"loc":{"start":{"line":202,"column":4},"end":{"line":217,"column":5}},"type":"switch","locations":[{"start":{"line":203,"column":6},"end":{"line":204,"column":67}},{"start":{"line":205,"column":6},"end":{"line":206,"column":74}},{"start":{"line":207,"column":6},"end":{"line":208,"column":68}},{"start":{"line":209,"column":6},"end":{"line":210,"column":71}},{"start":{"line":211,"column":6},"end":{"line":212,"column":71}},{"start":{"line":213,"column":6},"end":{"line":216,"column":74}}],"line":202},"10":{"loc":{"start":{"line":213,"column":11},"end":{"line":213,"column":40}},"type":"binary-expr","locations":[{"start":{"line":213,"column":11},"end":{"line":213,"column":16}},{"start":{"line":213,"column":20},"end":{"line":213,"column":40}}],"line":213},"11":{"loc":{"start":{"line":222,"column":4},"end":{"line":226,"column":5}},"type":"if","locations":[{"start":{"line":222,"column":4},"end":{"line":226,"column":5}},{"start":{},"end":{}}],"line":222},"12":{"loc":{"start":{"line":231,"column":4},"end":{"line":235,"column":5}},"type":"if","locations":[{"start":{"line":231,"column":4},"end":{"line":235,"column":5}},{"start":{},"end":{}}],"line":231},"13":{"loc":{"start":{"line":247,"column":4},"end":{"line":252,"column":5}},"type":"if","locations":[{"start":{"line":247,"column":4},"end":{"line":252,"column":5}},{"start":{},"end":{}}],"line":247},"14":{"loc":{"start":{"line":258,"column":4},"end":{"line":264,"column":5}},"type":"if","locations":[{"start":{"line":258,"column":4},"end":{"line":264,"column":5}},{"start":{},"end":{}}],"line":258},"15":{"loc":{"start":{"line":259,"column":6},"end":{"line":261,"column":7}},"type":"if","locations":[{"start":{"line":259,"column":6},"end":{"line":261,"column":7}},{"start":{},"end":{}}],"line":259},"16":{"loc":{"start":{"line":286,"column":4},"end":{"line":286,"column":52}},"type":"if","locations":[{"start":{"line":286,"column":4},"end":{"line":286,"column":52}},{"start":{},"end":{}}],"line":286},"17":{"loc":{"start":{"line":287,"column":4},"end":{"line":287,"column":70}},"type":"if","locations":[{"start":{"line":287,"column":4},"end":{"line":287,"column":70}},{"start":{},"end":{}}],"line":287},"18":{"loc":{"start":{"line":346,"column":29},"end":{"line":346,"column":59}},"type":"binary-expr","locations":[{"start":{"line":346,"column":29},"end":{"line":346,"column":54}},{"start":{"line":346,"column":58},"end":{"line":346,"column":59}}],"line":346},"19":{"loc":{"start":{"line":420,"column":29},"end":{"line":420,"column":59}},"type":"binary-expr","locations":[{"start":{"line":420,"column":29},"end":{"line":420,"column":54}},{"start":{"line":420,"column":58},"end":{"line":420,"column":59}}],"line":420},"20":{"loc":{"start":{"line":449,"column":6},"end":{"line":458,"column":7}},"type":"if","locations":[{"start":{"line":449,"column":6},"end":{"line":458,"column":7}},{"start":{"line":456,"column":13},"end":{"line":458,"column":7}}],"line":449},"21":{"loc":{"start":{"line":454,"column":17},"end":{"line":454,"column":56}},"type":"cond-expr","locations":[{"start":{"line":454,"column":40},"end":{"line":454,"column":51}},{"start":{"line":454,"column":54},"end":{"line":454,"column":56}}],"line":454},"22":{"loc":{"start":{"line":476,"column":4},"end":{"line":481,"column":5}},"type":"if","locations":[{"start":{"line":476,"column":4},"end":{"line":481,"column":5}},{"start":{},"end":{}}],"line":476},"23":{"loc":{"start":{"line":483,"column":4},"end":{"line":488,"column":5}},"type":"if","locations":[{"start":{"line":483,"column":4},"end":{"line":488,"column":5}},{"start":{},"end":{}}],"line":483},"24":{"loc":{"start":{"line":490,"column":4},"end":{"line":495,"column":5}},"type":"if","locations":[{"start":{"line":490,"column":4},"end":{"line":495,"column":5}},{"start":{},"end":{}}],"line":490},"25":{"loc":{"start":{"line":490,"column":8},"end":{"line":490,"column":37}},"type":"binary-expr","locations":[{"start":{"line":490,"column":8},"end":{"line":490,"column":13}},{"start":{"line":490,"column":17},"end":{"line":490,"column":37}}],"line":490},"26":{"loc":{"start":{"line":509,"column":8},"end":{"line":533,"column":9}},"type":"if","locations":[{"start":{"line":509,"column":8},"end":{"line":533,"column":9}},{"start":{"line":526,"column":15},"end":{"line":533,"column":9}}],"line":509},"27":{"loc":{"start":{"line":531,"column":19},"end":{"line":531,"column":72}},"type":"cond-expr","locations":[{"start":{"line":531,"column":44},"end":{"line":531,"column":57}},{"start":{"line":531,"column":60},"end":{"line":531,"column":72}}],"line":531}},"s":{"0":5,"1":5,"2":5,"3":24,"4":24,"5":24,"6":24,"7":2,"8":2,"9":2,"10":3,"11":2,"12":4,"13":9,"14":9,"15":1,"16":8,"17":8,"18":8,"19":8,"20":6,"21":2,"22":2,"23":5,"24":2,"25":2,"26":1,"27":1,"28":1,"29":5,"30":2,"31":2,"32":1,"33":1,"34":1,"35":5,"36":3,"37":3,"38":2,"39":1,"40":1,"41":1,"42":1,"43":1,"44":5,"45":14,"46":14,"47":1,"48":13,"49":13,"50":1,"51":12,"52":10,"53":2,"54":8,"55":2,"56":2,"57":5,"58":23,"59":23,"60":23,"61":23,"62":2,"63":2,"64":2,"65":1,"66":1,"67":2,"68":13,"69":1,"70":12,"71":1,"72":11,"73":9,"74":1,"75":8,"76":5,"77":2,"78":5,"79":5,"80":8,"81":7,"82":3,"83":3,"84":5,"85":3,"86":3,"87":3,"88":3,"89":1,"90":3,"91":1,"92":3,"93":2,"94":1,"95":1,"96":5,"97":2,"98":2,"99":1,"100":1,"101":1,"102":5,"103":2,"104":2,"105":2,"106":1,"107":1,"108":1,"109":5,"110":3,"111":3,"112":3,"113":3,"114":2,"115":1,"116":1,"117":5,"118":2,"119":2,"120":2,"121":1,"122":1,"123":1,"124":5,"125":2,"126":2,"127":2,"128":1,"129":1,"130":1,"131":5,"132":4,"133":4,"134":4,"135":4,"136":3,"137":3,"138":1,"139":1,"140":5,"141":6,"142":6,"143":5,"144":3,"145":3,"146":2,"147":1,"148":1,"149":5,"150":11,"151":11,"152":11,"153":1,"154":10,"155":1,"156":9,"157":0,"158":9,"159":11,"160":9,"161":8,"162":6,"163":6,"164":5,"165":1,"166":1,"167":2,"168":2,"169":1,"170":1},"f":{"0":24,"1":2,"2":2,"3":3,"4":14,"5":23,"6":3,"7":2,"8":2,"9":3,"10":2,"11":2,"12":4,"13":6,"14":5,"15":11,"16":11,"17":8},"b":{"0":[2,2,2,3,2,4],"1":[13,11],"2":[1,8],"3":[1,1],"4":[2,1,1],"5":[1,13],"6":[14,14],"7":[1,12],"8":[2,8],"9":[2,2,2,1,1,2],"10":[15,11],"11":[1,12],"12":[1,11],"13":[1,8],"14":[5,3],"15":[2,3],"16":[1,2],"17":[1,2],"18":[3,1],"19":[4,2],"20":[3,2],"21":[2,1],"22":[1,10],"23":[1,9],"24":[0,9],"25":[9,9],"26":[6,2],"27":[1,1]},"inputSourceMap":null,"_coverageSchema":"1a1c01bbd47fc00a2c39e90264f33305004495a9","hash":"14cfdb163452112b01005b5dec25af85c8c70c3c"}
,"C:\\Users\\adnan\\Desktop\\cs4218-2510-ecom-project-team005\\controllers\\__testutils__\\reqRes.js": {"path":"C:\\Users\\adnan\\Desktop\\cs4218-2510-ecom-project-team005\\controllers\\__testutils__\\reqRes.js","statementMap":{"0":{"start":{"line":1,"column":0},"end":{"line":5,"column":3}},"1":{"start":{"line":1,"column":58},"end":{"line":5,"column":1}},"2":{"start":{"line":7,"column":0},"end":{"line":23,"column":2}},"3":{"start":{"line":8,"column":14},"end":{"line":8,"column":16}},"4":{"start":{"line":9,"column":2},"end":{"line":9,"column":23}},"5":{"start":{"line":10,"column":2},"end":{"line":13,"column":5}},"6":{"start":{"line":11,"column":4},"end":{"line":11,"column":26}},"7":{"start":{"line":12,"column":4},"end":{"line":12,"column":15}},"8":{"start":{"line":14,"column":2},"end":{"line":17,"column":5}},"9":{"start":{"line":15,"column":4},"end":{"line":15,"column":26}},"10":{"start":{"line":16,"column":4},"end":{"line":16,"column":15}},"11":{"start":{"line":18,"column":2},"end":{"line":21,"column":5}},"12":{"start":{"line":19,"column":4},"end":{"line":19,"column":26}},"13":{"start":{"line":20,"column":4},"end":{"line":20,"column":15}},"14":{"start":{"line":22,"column":2},"end":{"line":22,"column":13}}},"fnMap":{"0":{"name":"(anonymous_0)","decl":{"start":{"line":1,"column":18},"end":{"line":1,"column":19}},"loc":{"start":{"line":1,"column":58},"end":{"line":5,"column":1}},"line":1},"1":{"name":"(anonymous_1)","decl":{"start":{"line":7,"column":18},"end":{"line":7,"column":19}},"loc":{"start":{"line":7,"column":24},"end":{"line":23,"column":1}},"line":7},"2":{"name":"(anonymous_2)","decl":{"start":{"line":10,"column":23},"end":{"line":10,"column":24}},"loc":{"start":{"line":10,"column":33},"end":{"line":13,"column":3}},"line":10},"3":{"name":"(anonymous_3)","decl":{"start":{"line":14,"column":21},"end":{"line":14,"column":22}},"loc":{"start":{"line":14,"column":34},"end":{"line":17,"column":3}},"line":14},"4":{"name":"(anonymous_4)","decl":{"start":{"line":18,"column":21},"end":{"line":18,"column":22}},"loc":{"start":{"line":18,"column":34},"end":{"line":21,"column":3}},"line":18}},"branchMap":{"0":{"loc":{"start":{"line":1,"column":19},"end":{"line":1,"column":28}},"type":"default-arg","locations":[{"start":{"line":1,"column":26},"end":{"line":1,"column":28}}],"line":1},"1":{"loc":{"start":{"line":1,"column":30},"end":{"line":1,"column":41}},"type":"default-arg","locations":[{"start":{"line":1,"column":39},"end":{"line":1,"column":41}}],"line":1},"2":{"loc":{"start":{"line":1,"column":43},"end":{"line":1,"column":52}},"type":"default-arg","locations":[{"start":{"line":1,"column":50},"end":{"line":1,"column":52}}],"line":1}},"s":{"0":0,"1":0,"2":0,"3":0,"4":0,"5":0,"6":0,"7":0,"8":0,"9":0,"10":0,"11":0,"12":0,"13":0,"14":0},"f":{"0":0,"1":0,"2":0,"3":0,"4":0},"b":{"0":[0],"1":[0],"2":[0]},"inputSourceMap":null}
,"C:\\Users\\adnan\\Desktop\\cs4218-2510-ecom-project-team005\\helpers\\authHelper.js": {"path":"C:\\Users\\adnan\\Desktop\\cs4218-2510-ecom-project-team005\\helpers\\authHelper.js","statementMap":{"0":{"start":{"line":3,"column":28},"end":{"line":12,"column":1}},"1":{"start":{"line":4,"column":4},"end":{"line":11,"column":5}},"2":{"start":{"line":5,"column":27},"end":{"line":5,"column":29}},"3":{"start":{"line":6,"column":31},"end":{"line":6,"column":70}},"4":{"start":{"line":7,"column":8},"end":{"line":7,"column":30}},"5":{"start":{"line":10,"column":8},"end":{"line":10,"column":27}},"6":{"start":{"line":14,"column":31},"end":{"line":16,"column":1}},"7":{"start":{"line":15,"column":4},"end":{"line":15,"column":52}},"8":{"start":{"line":20,"column":0},"end":{"line":22,"column":3}},"9":{"start":{"line":21,"column":4},"end":{"line":21,"column":40}}},"fnMap":{"0":{"name":"(anonymous_0)","decl":{"start":{"line":3,"column":28},"end":{"line":3,"column":29}},"loc":{"start":{"line":3,"column":48},"end":{"line":12,"column":1}},"line":3},"1":{"name":"(anonymous_1)","decl":{"start":{"line":14,"column":31},"end":{"line":14,"column":32}},"loc":{"start":{"line":14,"column":66},"end":{"line":16,"column":1}},"line":14},"2":{"name":"(anonymous_2)","decl":{"start":{"line":20,"column":26},"end":{"line":20,"column":27}},"loc":{"start":{"line":20,"column":34},"end":{"line":22,"column":1}},"line":20}},"branchMap":{},"s":{"0":4,"1":24,"2":24,"3":24,"4":22,"5":1,"6":4,"7":10,"8":4,"9":3},"f":{"0":24,"1":10,"2":3},"b":{},"inputSourceMap":null,"_coverageSchema":"1a1c01bbd47fc00a2c39e90264f33305004495a9","hash":"5ec1f5597372030afe735f1e518366f2410ef6b4"}
,"C:\\Users\\adnan\\Desktop\\cs4218-2510-ecom-project-team005\\middlewares\\authMiddleware.js": {"path":"C:\\Users\\adnan\\Desktop\\cs4218-2510-ecom-project-team005\\middlewares\\authMiddleware.js","statementMap":{"0":{"start":{"line":5,"column":29},"end":{"line":21,"column":1}},"1":{"start":{"line":6,"column":4},"end":{"line":20,"column":5}},"2":{"start":{"line":7,"column":23},"end":{"line":10,"column":9}},"3":{"start":{"line":11,"column":8},"end":{"line":11,"column":26}},"4":{"start":{"line":12,"column":8},"end":{"line":12,"column":15}},"5":{"start":{"line":14,"column":8},"end":{"line":14,"column":27}},"6":{"start":{"line":15,"column":8},"end":{"line":19,"column":11}},"7":{"start":{"line":24,"column":23},"end":{"line":49,"column":1}},"8":{"start":{"line":25,"column":4},"end":{"line":48,"column":5}},"9":{"start":{"line":26,"column":8},"end":{"line":31,"column":9}},"10":{"start":{"line":27,"column":12},"end":{"line":30,"column":15}},"11":{"start":{"line":32,"column":21},"end":{"line":32,"column":59}},"12":{"start":{"line":33,"column":8},"end":{"line":40,"column":9}},"13":{"start":{"line":34,"column":12},"end":{"line":37,"column":15}},"14":{"start":{"line":39,"column":12},"end":{"line":39,"column":19}},"15":{"start":{"line":42,"column":8},"end":{"line":42,"column":27}},"16":{"start":{"line":43,"column":8},"end":{"line":47,"column":11}}},"fnMap":{"0":{"name":"(anonymous_0)","decl":{"start":{"line":5,"column":29},"end":{"line":5,"column":30}},"loc":{"start":{"line":5,"column":49},"end":{"line":21,"column":1}},"line":5},"1":{"name":"(anonymous_1)","decl":{"start":{"line":24,"column":23},"end":{"line":24,"column":24}},"loc":{"start":{"line":24,"column":49},"end":{"line":49,"column":1}},"line":24}},"branchMap":{"0":{"loc":{"start":{"line":26,"column":8},"end":{"line":31,"column":9}},"type":"if","locations":[{"start":{"line":26,"column":8},"end":{"line":31,"column":9}},{"start":{},"end":{}}],"line":26},"1":{"loc":{"start":{"line":33,"column":8},"end":{"line":40,"column":9}},"type":"if","locations":[{"start":{"line":33,"column":8},"end":{"line":40,"column":9}},{"start":{"line":38,"column":15},"end":{"line":40,"column":9}}],"line":33},"2":{"loc":{"start":{"line":33,"column":11},"end":{"line":33,"column":35}},"type":"binary-expr","locations":[{"start":{"line":33,"column":11},"end":{"line":33,"column":16}},{"start":{"line":33,"column":20},"end":{"line":33,"column":35}}],"line":33}},"s":{"0":1,"1":3,"2":3,"3":1,"4":1,"5":2,"6":2,"7":1,"8":5,"9":5,"10":1,"11":4,"12":3,"13":2,"14":1,"15":1,"16":1},"f":{"0":3,"1":5},"b":{"0":[1,4],"1":[2,1],"2":[3,2]},"inputSourceMap":null,"_coverageSchema":"1a1c01bbd47fc00a2c39e90264f33305004495a9","hash":"6ff573b6af5ac589bbb60e16d5fbf3c9d6da4a3a"}
,"C:\\Users\\adnan\\Desktop\\cs4218-2510-ecom-project-team005\\models\\categoryModel.js": {"path":"C:\\Users\\adnan\\Desktop\\cs4218-2510-ecom-project-team005\\models\\categoryModel.js","statementMap":{"0":{"start":{"line":3,"column":23},"end":{"line":32,"column":2}},"1":{"start":{"line":14,"column":31},"end":{"line":14,"column":40}},"2":{"start":{"line":15,"column":8},"end":{"line":15,"column":43}},"3":{"start":{"line":26,"column":28},"end":{"line":26,"column":42}},"4":{"start":{"line":27,"column":8},"end":{"line":27,"column":39}}},"fnMap":{"0":{"name":"(anonymous_0)","decl":{"start":{"line":12,"column":17},"end":{"line":12,"column":18}},"loc":{"start":{"line":12,"column":33},"end":{"line":16,"column":7}},"line":12},"1":{"name":"(anonymous_1)","decl":{"start":{"line":24,"column":17},"end":{"line":24,"column":18}},"loc":{"start":{"line":24,"column":33},"end":{"line":28,"column":7}},"line":24}},"branchMap":{},"s":{"0":5,"1":4,"2":4,"3":7,"4":7},"f":{"0":4,"1":7},"b":{},"inputSourceMap":null,"_coverageSchema":"1a1c01bbd47fc00a2c39e90264f33305004495a9","hash":"1fcaa745dcc8627544e097443c47a4c6cbeb555a"}
,"C:\\Users\\adnan\\Desktop\\cs4218-2510-ecom-project-team005\\models\\orderModel.js": {"path":"C:\\Users\\adnan\\Desktop\\cs4218-2510-ecom-project-team005\\models\\orderModel.js","statementMap":{"0":{"start":{"line":3,"column":20},"end":{"line":23,"column":1}}},"fnMap":{},"branchMap":{},"s":{"0":6},"f":{},"b":{},"inputSourceMap":null,"_coverageSchema":"1a1c01bbd47fc00a2c39e90264f33305004495a9","hash":"0b1ddb5e892a7476ff6618c462672319c3ec3769"}
,"C:\\Users\\adnan\\Desktop\\cs4218-2510-ecom-project-team005\\models\\productModel.js": {"path":"C:\\Users\\adnan\\Desktop\\cs4218-2510-ecom-project-team005\\models\\productModel.js","statementMap":{"0":{"start":{"line":3,"column":22},"end":{"line":39,"column":1}}},"fnMap":{},"branchMap":{},"s":{"0":2},"f":{},"b":{},"inputSourceMap":null,"_coverageSchema":"1a1c01bbd47fc00a2c39e90264f33305004495a9","hash":"de7bba827e499deeaa4d639bcc7c2ba6295ff965"}
,"C:\\Users\\adnan\\Desktop\\cs4218-2510-ecom-project-team005\\models\\userModel.js": {"path":"C:\\Users\\adnan\\Desktop\\cs4218-2510-ecom-project-team005\\models\\userModel.js","statementMap":{"0":{"start":{"line":3,"column":19},"end":{"line":56,"column":1}}},"fnMap":{},"branchMap":{},"s":{"0":3},"f":{},"b":{},"inputSourceMap":null,"_coverageSchema":"1a1c01bbd47fc00a2c39e90264f33305004495a9","hash":"c6345f8510356a12ddb9423bcdb923339a2bb96e"}
}
