TN:
SF:controllers/authController.js
FN:7,(anonymous_0)
FN:66,(anonymous_1)
FN:120,(anonymous_2)
FN:181,(anonymous_3)
FN:191,(anonymous_4)
FN:226,(anonymous_5)
FN:244,(anonymous_6)
FN:263,(anonymous_7)
FNF:8
FNH:4
FNDA:16,(anonymous_0)
FNDA:6,(anonymous_1)
FNDA:6,(anonymous_2)
FNDA:2,(anonymous_3)
FNDA:0,(anonymous_4)
FNDA:0,(anonymous_5)
FNDA:0,(anonymous_6)
FNDA:0,(anonymous_7)
DA:7,3
DA:8,16
DA:9,16
DA:11,16
DA:12,3
DA:14,13
DA:15,3
DA:17,10
DA:18,2
DA:20,8
DA:21,2
DA:23,6
DA:24,1
DA:26,5
DA:27,1
DA:30,4
DA:32,3
DA:33,1
DA:39,2
DA:41,2
DA:50,2
DA:56,1
DA:57,1
DA:66,3
DA:67,6
DA:68,6
DA:70,6
DA:71,2
DA:77,4
DA:78,3
DA:79,1
DA:84,2
DA:85,2
DA:86,1
DA:92,1
DA:95,1
DA:109,1
DA:110,1
DA:120,3
DA:121,6
DA:122,6
DA:126,6
DA:130,1
DA:136,5
DA:140,1
DA:145,4
DA:149,1
DA:156,3
DA:158,2
DA:159,1
DA:164,1
DA:165,1
DA:166,1
DA:171,1
DA:172,1
DA:181,3
DA:182,2
DA:183,2
DA:185,1
DA:186,1
DA:191,3
DA:192,0
DA:193,0
DA:194,0
DA:196,0
DA:197,0
DA:199,0
DA:200,0
DA:210,0
DA:216,0
DA:217,0
DA:226,3
DA:227,0
DA:228,0
DA:232,0
DA:234,0
DA:235,0
DA:244,3
DA:245,0
DA:246,0
DA:251,0
DA:253,0
DA:254,0
DA:263,3
DA:264,0
DA:265,0
DA:266,0
DA:267,0
DA:272,0
DA:274,0
DA:275,0
LF:91
LH:64
BRDA:11,0,0,3
BRDA:11,0,1,13
BRDA:14,1,0,3
BRDA:14,1,1,10
BRDA:17,2,0,2
BRDA:17,2,1,8
BRDA:20,3,0,2
BRDA:20,3,1,6
BRDA:23,4,0,1
BRDA:23,4,1,5
BRDA:26,5,0,1
BRDA:26,5,1,4
BRDA:32,6,0,1
BRDA:32,6,1,2
BRDA:70,7,0,2
BRDA:70,7,1,4
BRDA:70,8,0,6
BRDA:70,8,1,5
BRDA:78,9,0,1
BRDA:78,9,1,2
BRDA:85,10,0,1
BRDA:85,10,1,1
BRDA:126,11,0,1
BRDA:126,11,1,5
BRDA:136,12,0,1
BRDA:136,12,1,4
BRDA:145,13,0,1
BRDA:145,13,1,3
BRDA:158,14,0,1
BRDA:158,14,1,1
BRDA:196,15,0,0
BRDA:196,15,1,0
BRDA:196,16,0,0
BRDA:196,16,1,0
BRDA:199,17,0,0
BRDA:199,17,1,0
BRDA:203,18,0,0
BRDA:203,18,1,0
BRDA:204,19,0,0
BRDA:204,19,1,0
BRDA:205,20,0,0
BRDA:205,20,1,0
BRDA:206,21,0,0
BRDA:206,21,1,0
BRF:44
BRH:30
end_of_record
TN:
SF:controllers/categoryController.js
FN:5,(anonymous_0)
FN:42,(anonymous_1)
FN:68,(anonymous_2)
FN:89,(anonymous_3)
FN:109,(anonymous_4)
FNF:5
FNH:5
FNDA:4,(anonymous_0)
FNDA:2,(anonymous_1)
FNDA:5,(anonymous_2)
FNDA:7,(anonymous_3)
FNDA:2,(anonymous_4)
DA:5,3
DA:6,4
DA:7,4
DA:8,4
DA:9,1
DA:11,3
DA:12,2
DA:13,1
DA:19,1
DA:23,1
DA:29,1
DA:30,1
DA:42,3
DA:43,2
DA:44,2
DA:45,2
DA:46,2
DA:51,1
DA:58,1
DA:59,1
DA:68,3
DA:69,5
DA:70,5
DA:71,3
DA:77,2
DA:78,2
DA:89,3
DA:90,7
DA:91,7
DA:92,5
DA:99,2
DA:100,2
DA:109,3
DA:110,2
DA:111,2
DA:112,2
DA:113,1
DA:119,1
DA:120,1
LF:39
LH:39
BRDA:8,0,0,1
BRDA:8,0,1,3
BRDA:12,1,0,1
BRDA:12,1,1,1
BRF:4
BRH:4
end_of_record
TN:
SF:controllers/productController.js
FN:20,(anonymous_0)
FN:77,(anonymous_1)
FN:102,(anonymous_2)
FN:132,(anonymous_3)
FN:154,(anonymous_4)
FN:205,(anonymous_5)
FN:291,(anonymous_6)
FN:313,(anonymous_7)
FN:330,(anonymous_8)
FN:359,(anonymous_9)
FN:384,(anonymous_10)
FN:407,(anonymous_11)
FN:433,(anonymous_12)
FN:468,(anonymous_13)
FN:470,(anonymous_14)
FN:493,(anonymous_15)
FN:520,(anonymous_16)
FN:530,(anonymous_17)
FNF:18
FNH:18
FNDA:32,(anonymous_0)
FNDA:5,(anonymous_1)
FNDA:4,(anonymous_2)
FNDA:5,(anonymous_3)
FNDA:14,(anonymous_4)
FNDA:23,(anonymous_5)
FNDA:6,(anonymous_6)
FNDA:3,(anonymous_7)
FNDA:4,(anonymous_8)
FNDA:9,(anonymous_9)
FNDA:4,(anonymous_10)
FNDA:5,(anonymous_11)
FNDA:13,(anonymous_12)
FNDA:7,(anonymous_13)
FNDA:6,(anonymous_14)
FNDA:16,(anonymous_15)
FNDA:16,(anonymous_16)
FNDA:9,(anonymous_17)
DA:10,7
DA:13,7
DA:20,7
DA:21,32
DA:23,32
DA:24,32
DA:26,32
DA:28,3
DA:30,3
DA:32,3
DA:34,4
DA:36,3
DA:38,5
DA:46,11
DA:47,11
DA:48,2
DA:53,9
DA:54,9
DA:55,9
DA:57,9
DA:58,7
DA:64,2
DA:68,2
DA:77,7
DA:78,5
DA:79,5
DA:85,4
DA:92,1
DA:93,1
DA:102,7
DA:103,4
DA:104,4
DA:108,3
DA:109,2
DA:115,1
DA:122,1
DA:123,1
DA:132,7
DA:133,5
DA:134,5
DA:135,4
DA:136,2
DA:141,2
DA:142,2
DA:144,1
DA:145,1
DA:154,7
DA:156,14
DA:161,14
DA:162,1
DA:172,13
DA:173,13
DA:174,1
DA:180,12
DA:184,10
DA:185,2
DA:190,8
DA:195,2
DA:196,2
DA:205,7
DA:206,23
DA:208,23
DA:209,23
DA:211,23
DA:213,2
DA:215,2
DA:217,2
DA:219,1
DA:221,1
DA:223,2
DA:231,13
DA:232,1
DA:240,12
DA:241,1
DA:246,11
DA:256,9
DA:257,1
DA:267,8
DA:268,5
DA:269,2
DA:271,5
DA:272,5
DA:274,8
DA:275,7
DA:281,3
DA:282,3
DA:291,7
DA:292,6
DA:293,6
DA:294,6
DA:295,6
DA:296,6
DA:297,6
DA:298,5
DA:303,1
DA:304,1
DA:313,7
DA:314,3
DA:315,3
DA:316,2
DA:321,1
DA:322,1
DA:330,7
DA:331,4
DA:332,4
DA:333,4
DA:334,1
DA:338,1
DA:340,3
DA:344,2
DA:349,1
DA:350,1
DA:359,7
DA:360,9
DA:361,9
DA:362,9
DA:363,9
DA:369,8
DA:374,1
DA:375,1
DA:384,7
DA:385,4
DA:386,4
DA:387,4
DA:395,3
DA:397,1
DA:398,1
DA:407,7
DA:408,5
DA:409,5
DA:410,5
DA:418,4
DA:423,1
DA:424,1
DA:433,7
DA:434,13
DA:435,13
DA:436,13
DA:438,13
DA:439,12
DA:440,1
DA:445,11
DA:451,11
DA:457,1
DA:458,1
DA:468,7
DA:469,7
DA:470,7
DA:471,6
DA:472,3
DA:473,3
DA:479,3
DA:483,1
DA:484,1
DA:493,7
DA:494,16
DA:495,16
DA:498,16
DA:499,2
DA:505,14
DA:506,2
DA:512,12
DA:513,2
DA:520,16
DA:522,10
DA:531,9
DA:532,7
DA:534,7
DA:539,6
DA:545,1
DA:546,1
DA:553,2
DA:554,2
DA:563,1
DA:564,1
LF:175
LH:175
BRDA:26,0,0,3
BRDA:26,0,1,3
BRDA:26,0,2,3
BRDA:26,0,3,4
BRDA:26,0,4,3
BRDA:26,0,5,5
BRDA:37,1,0,16
BRDA:37,1,1,13
BRDA:47,2,0,2
BRDA:47,2,1,9
BRDA:108,3,0,2
BRDA:108,3,1,1
BRDA:135,4,0,2
BRDA:135,4,1,2
BRDA:135,5,0,4
BRDA:135,5,1,2
BRDA:135,5,2,2
BRDA:161,6,0,1
BRDA:161,6,1,13
BRDA:161,7,0,14
BRDA:161,7,1,14
BRDA:173,8,0,1
BRDA:173,8,1,12
BRDA:184,9,0,2
BRDA:184,9,1,8
BRDA:211,10,0,2
BRDA:211,10,1,2
BRDA:211,10,2,2
BRDA:211,10,3,1
BRDA:211,10,4,1
BRDA:211,10,5,2
BRDA:222,11,0,15
BRDA:222,11,1,11
BRDA:231,12,0,1
BRDA:231,12,1,12
BRDA:240,13,0,1
BRDA:240,13,1,11
BRDA:256,14,0,1
BRDA:256,14,1,8
BRDA:267,15,0,5
BRDA:267,15,1,3
BRDA:268,16,0,2
BRDA:268,16,1,3
BRDA:295,17,0,3
BRDA:295,17,1,3
BRDA:296,18,0,3
BRDA:296,18,1,3
BRDA:333,19,0,1
BRDA:333,19,1,3
BRDA:362,20,0,9
BRDA:362,20,1,2
BRDA:436,21,0,13
BRDA:436,21,1,2
BRDA:439,22,0,1
BRDA:439,22,1,11
BRDA:471,23,0,3
BRDA:471,23,1,3
BRDA:476,24,0,2
BRDA:476,24,1,1
BRDA:498,25,0,2
BRDA:498,25,1,14
BRDA:505,26,0,2
BRDA:505,26,1,12
BRDA:512,27,0,2
BRDA:512,27,1,10
BRDA:531,28,0,7
BRDA:531,28,1,2
BRDA:557,29,0,1
BRDA:557,29,1,1
BRF:69
BRH:69
end_of_record
TN:
SF:controllers/__testutils__/reqRes.js
FN:1,(anonymous_0)
FN:7,(anonymous_1)
FN:10,(anonymous_2)
FN:14,(anonymous_3)
FN:18,(anonymous_4)
FNF:5
FNH:0
FNDA:0,(anonymous_0)
FNDA:0,(anonymous_1)
FNDA:0,(anonymous_2)
FNDA:0,(anonymous_3)
FNDA:0,(anonymous_4)
DA:1,0
DA:7,0
DA:8,0
DA:9,0
DA:10,0
DA:11,0
DA:12,0
DA:14,0
DA:15,0
DA:16,0
DA:18,0
DA:19,0
DA:20,0
DA:22,0
LF:14
LH:0
BRDA:1,0,0,0
BRDA:1,1,0,0
BRDA:1,2,0,0
BRF:3
BRH:0
end_of_record
TN:
SF:helpers/authHelper.js
FN:3,(anonymous_0)
FN:14,(anonymous_1)
FNF:2
FNH:2
FNDA:3,(anonymous_0)
FNDA:3,(anonymous_1)
DA:3,3
DA:4,3
DA:5,3
DA:6,3
DA:7,2
DA:10,1
DA:14,3
DA:15,3
LF:8
LH:8
BRF:0
BRH:0
end_of_record
TN:
SF:middlewares/authMiddleware.js
FN:5,(anonymous_0)
FN:24,(anonymous_1)
FNF:2
FNH:2
FNDA:19,(anonymous_0)
FNDA:14,(anonymous_1)
DA:5,3
DA:6,19
DA:7,19
DA:11,15
DA:12,15
DA:14,4
DA:15,4
DA:24,3
DA:25,14
DA:26,14
DA:27,1
DA:32,13
DA:33,12
DA:34,3
DA:39,9
DA:42,1
DA:43,1
LF:17
LH:17
BRDA:26,0,0,1
BRDA:26,0,1,13
BRDA:33,1,0,3
BRDA:33,1,1,9
BRDA:33,2,0,12
BRDA:33,2,1,11
BRF:6
BRH:6
end_of_record
TN:
SF:models/categoryModel.js
FN:12,(anonymous_0)
FN:24,(anonymous_1)
FNF:2
FNH:2
FNDA:13,(anonymous_0)
FNDA:16,(anonymous_1)
DA:3,7
DA:14,13
DA:15,13
DA:26,16
DA:27,16
LF:5
LH:5
BRF:0
BRH:0
end_of_record
TN:
SF:models/orderModel.js
FNF:0
FNH:0
DA:3,6
LF:1
LH:1
BRF:0
BRH:0
end_of_record
TN:
SF:models/productModel.js
FNF:0
FNH:0
DA:3,4
LF:1
LH:1
BRF:0
BRH:0
end_of_record
TN:
SF:models/userModel.js
FNF:0
FNH:0
DA:3,4
LF:1
LH:1
BRF:0
BRH:0
end_of_record
