TN:
SF:controllers/authController.js
FN:7,(anonymous_0)
FN:66,(anonymous_1)
FN:120,(anonymous_2)
FN:181,(anonymous_3)
FN:191,(anonymous_4)
FN:226,(anonymous_5)
FN:244,(anonymous_6)
FN:263,(anonymous_7)
FNF:8
FNH:0
FNDA:0,(anonymous_0)
FNDA:0,(anonymous_1)
FNDA:0,(anonymous_2)
FNDA:0,(anonymous_3)
FNDA:0,(anonymous_4)
FNDA:0,(anonymous_5)
FNDA:0,(anonymous_6)
FNDA:0,(anonymous_7)
DA:7,1
DA:8,0
DA:9,0
DA:11,0
DA:12,0
DA:14,0
DA:15,0
DA:17,0
DA:18,0
DA:20,0
DA:21,0
DA:23,0
DA:24,0
DA:26,0
DA:27,0
DA:30,0
DA:32,0
DA:33,0
DA:39,0
DA:41,0
DA:50,0
DA:56,0
DA:57,0
DA:66,1
DA:67,0
DA:68,0
DA:70,0
DA:71,0
DA:77,0
DA:78,0
DA:79,0
DA:84,0
DA:85,0
DA:86,0
DA:92,0
DA:95,0
DA:109,0
DA:110,0
DA:120,1
DA:121,0
DA:122,0
DA:126,0
DA:130,0
DA:136,0
DA:140,0
DA:145,0
DA:149,0
DA:156,0
DA:158,0
DA:159,0
DA:164,0
DA:165,0
DA:166,0
DA:171,0
DA:172,0
DA:181,1
DA:182,0
DA:183,0
DA:185,0
DA:186,0
DA:191,1
DA:192,0
DA:193,0
DA:194,0
DA:196,0
DA:197,0
DA:199,0
DA:200,0
DA:210,0
DA:216,0
DA:217,0
DA:226,1
DA:227,0
DA:228,0
DA:232,0
DA:234,0
DA:235,0
DA:244,1
DA:245,0
DA:246,0
DA:251,0
DA:253,0
DA:254,0
DA:263,1
DA:264,0
DA:265,0
DA:266,0
DA:267,0
DA:272,0
DA:274,0
DA:275,0
LF:91
LH:8
BRDA:11,0,0,0
BRDA:11,0,1,0
BRDA:14,1,0,0
BRDA:14,1,1,0
BRDA:17,2,0,0
BRDA:17,2,1,0
BRDA:20,3,0,0
BRDA:20,3,1,0
BRDA:23,4,0,0
BRDA:23,4,1,0
BRDA:26,5,0,0
BRDA:26,5,1,0
BRDA:32,6,0,0
BRDA:32,6,1,0
BRDA:70,7,0,0
BRDA:70,7,1,0
BRDA:70,8,0,0
BRDA:70,8,1,0
BRDA:78,9,0,0
BRDA:78,9,1,0
BRDA:85,10,0,0
BRDA:85,10,1,0
BRDA:126,11,0,0
BRDA:126,11,1,0
BRDA:136,12,0,0
BRDA:136,12,1,0
BRDA:145,13,0,0
BRDA:145,13,1,0
BRDA:158,14,0,0
BRDA:158,14,1,0
BRDA:196,15,0,0
BRDA:196,15,1,0
BRDA:196,16,0,0
BRDA:196,16,1,0
BRDA:199,17,0,0
BRDA:199,17,1,0
BRDA:203,18,0,0
BRDA:203,18,1,0
BRDA:204,19,0,0
BRDA:204,19,1,0
BRDA:205,20,0,0
BRDA:205,20,1,0
BRDA:206,21,0,0
BRDA:206,21,1,0
BRF:44
BRH:0
end_of_record
TN:
SF:controllers/categoryController.js
FN:5,(anonymous_0)
FN:42,(anonymous_1)
FN:68,(anonymous_2)
FN:89,(anonymous_3)
FN:109,(anonymous_4)
FNF:5
FNH:0
FNDA:0,(anonymous_0)
FNDA:0,(anonymous_1)
FNDA:0,(anonymous_2)
FNDA:0,(anonymous_3)
FNDA:0,(anonymous_4)
DA:5,1
DA:6,0
DA:7,0
DA:8,0
DA:9,0
DA:11,0
DA:12,0
DA:13,0
DA:19,0
DA:23,0
DA:29,0
DA:30,0
DA:42,1
DA:43,0
DA:44,0
DA:45,0
DA:46,0
DA:51,0
DA:58,0
DA:59,0
DA:68,1
DA:69,0
DA:70,0
DA:71,0
DA:77,0
DA:78,0
DA:89,1
DA:90,0
DA:91,0
DA:92,0
DA:99,0
DA:100,0
DA:109,1
DA:110,0
DA:111,0
DA:112,0
DA:113,0
DA:119,0
DA:120,0
LF:39
LH:5
BRDA:8,0,0,0
BRDA:8,0,1,0
BRDA:12,1,0,0
BRDA:12,1,1,0
BRF:4
BRH:0
end_of_record
TN:
SF:controllers/productController.js
FN:20,(anonymous_0)
FN:77,(anonymous_1)
FN:102,(anonymous_2)
FN:132,(anonymous_3)
FN:154,(anonymous_4)
FN:205,(anonymous_5)
FN:291,(anonymous_6)
FN:313,(anonymous_7)
FN:330,(anonymous_8)
FN:359,(anonymous_9)
FN:384,(anonymous_10)
FN:407,(anonymous_11)
FN:433,(anonymous_12)
FN:468,(anonymous_13)
FN:470,(anonymous_14)
FN:493,(anonymous_15)
FN:520,(anonymous_16)
FN:530,(anonymous_17)
FNF:18
FNH:5
FNDA:0,(anonymous_0)
FNDA:0,(anonymous_1)
FNDA:0,(anonymous_2)
FNDA:0,(anonymous_3)
FNDA:0,(anonymous_4)
FNDA:0,(anonymous_5)
FNDA:0,(anonymous_6)
FNDA:0,(anonymous_7)
FNDA:0,(anonymous_8)
FNDA:0,(anonymous_9)
FNDA:0,(anonymous_10)
FNDA:0,(anonymous_11)
FNDA:0,(anonymous_12)
FNDA:1,(anonymous_13)
FNDA:1,(anonymous_14)
FNDA:5,(anonymous_15)
FNDA:4,(anonymous_16)
FNDA:2,(anonymous_17)
DA:10,1
DA:13,1
DA:20,1
DA:21,0
DA:23,0
DA:24,0
DA:26,0
DA:28,0
DA:30,0
DA:32,0
DA:34,0
DA:36,0
DA:38,0
DA:46,0
DA:47,0
DA:48,0
DA:53,0
DA:54,0
DA:55,0
DA:57,0
DA:58,0
DA:64,0
DA:68,0
DA:77,1
DA:78,0
DA:79,0
DA:85,0
DA:92,0
DA:93,0
DA:102,1
DA:103,0
DA:104,0
DA:108,0
DA:109,0
DA:115,0
DA:122,0
DA:123,0
DA:132,1
DA:133,0
DA:134,0
DA:135,0
DA:136,0
DA:141,0
DA:142,0
DA:144,0
DA:145,0
DA:154,1
DA:156,0
DA:161,0
DA:162,0
DA:172,0
DA:173,0
DA:174,0
DA:180,0
DA:184,0
DA:185,0
DA:190,0
DA:195,0
DA:196,0
DA:205,1
DA:206,0
DA:208,0
DA:209,0
DA:211,0
DA:213,0
DA:215,0
DA:217,0
DA:219,0
DA:221,0
DA:223,0
DA:231,0
DA:232,0
DA:240,0
DA:241,0
DA:246,0
DA:256,0
DA:257,0
DA:267,0
DA:268,0
DA:269,0
DA:271,0
DA:272,0
DA:274,0
DA:275,0
DA:281,0
DA:282,0
DA:291,1
DA:292,0
DA:293,0
DA:294,0
DA:295,0
DA:296,0
DA:297,0
DA:298,0
DA:303,0
DA:304,0
DA:313,1
DA:314,0
DA:315,0
DA:316,0
DA:321,0
DA:322,0
DA:330,1
DA:331,0
DA:332,0
DA:333,0
DA:334,0
DA:338,0
DA:340,0
DA:344,0
DA:349,0
DA:350,0
DA:359,1
DA:360,0
DA:361,0
DA:362,0
DA:363,0
DA:369,0
DA:374,0
DA:375,0
DA:384,1
DA:385,0
DA:386,0
DA:387,0
DA:395,0
DA:397,0
DA:398,0
DA:407,1
DA:408,0
DA:409,0
DA:410,0
DA:418,0
DA:423,0
DA:424,0
DA:433,1
DA:434,0
DA:435,0
DA:436,0
DA:438,0
DA:439,0
DA:440,0
DA:445,0
DA:451,0
DA:457,0
DA:458,0
DA:468,1
DA:469,1
DA:470,1
DA:471,1
DA:472,0
DA:473,0
DA:479,1
DA:483,0
DA:484,0
DA:493,1
DA:494,5
DA:495,5
DA:498,5
DA:499,1
DA:505,4
DA:506,1
DA:512,3
DA:513,1
DA:520,4
DA:522,2
DA:531,2
DA:532,2
DA:534,2
DA:539,2
DA:544,0
DA:545,0
DA:552,0
DA:553,0
DA:562,0
DA:563,0
LF:175
LH:35
BRDA:26,0,0,0
BRDA:26,0,1,0
BRDA:26,0,2,0
BRDA:26,0,3,0
BRDA:26,0,4,0
BRDA:26,0,5,0
BRDA:37,1,0,0
BRDA:37,1,1,0
BRDA:47,2,0,0
BRDA:47,2,1,0
BRDA:108,3,0,0
BRDA:108,3,1,0
BRDA:135,4,0,0
BRDA:135,4,1,0
BRDA:135,5,0,0
BRDA:135,5,1,0
BRDA:135,5,2,0
BRDA:161,6,0,0
BRDA:161,6,1,0
BRDA:161,7,0,0
BRDA:161,7,1,0
BRDA:173,8,0,0
BRDA:173,8,1,0
BRDA:184,9,0,0
BRDA:184,9,1,0
BRDA:211,10,0,0
BRDA:211,10,1,0
BRDA:211,10,2,0
BRDA:211,10,3,0
BRDA:211,10,4,0
BRDA:211,10,5,0
BRDA:222,11,0,0
BRDA:222,11,1,0
BRDA:231,12,0,0
BRDA:231,12,1,0
BRDA:240,13,0,0
BRDA:240,13,1,0
BRDA:256,14,0,0
BRDA:256,14,1,0
BRDA:267,15,0,0
BRDA:267,15,1,0
BRDA:268,16,0,0
BRDA:268,16,1,0
BRDA:295,17,0,0
BRDA:295,17,1,0
BRDA:296,18,0,0
BRDA:296,18,1,0
BRDA:333,19,0,0
BRDA:333,19,1,0
BRDA:362,20,0,0
BRDA:362,20,1,0
BRDA:436,21,0,0
BRDA:436,21,1,0
BRDA:439,22,0,0
BRDA:439,22,1,0
BRDA:471,23,0,0
BRDA:471,23,1,1
BRDA:476,24,0,0
BRDA:476,24,1,0
BRDA:498,25,0,1
BRDA:498,25,1,4
BRDA:505,26,0,1
BRDA:505,26,1,3
BRDA:512,27,0,1
BRDA:512,27,1,2
BRDA:531,28,0,2
BRDA:531,28,1,0
BRDA:556,29,0,0
BRDA:556,29,1,0
BRF:69
BRH:8
end_of_record
TN:
SF:controllers/__testutils__/reqRes.js
FN:1,(anonymous_0)
FN:7,(anonymous_1)
FN:10,(anonymous_2)
FN:14,(anonymous_3)
FN:18,(anonymous_4)
FNF:5
FNH:0
FNDA:0,(anonymous_0)
FNDA:0,(anonymous_1)
FNDA:0,(anonymous_2)
FNDA:0,(anonymous_3)
FNDA:0,(anonymous_4)
DA:1,0
DA:7,0
DA:8,0
DA:9,0
DA:10,0
DA:11,0
DA:12,0
DA:14,0
DA:15,0
DA:16,0
DA:18,0
DA:19,0
DA:20,0
DA:22,0
LF:14
LH:0
BRDA:1,0,0,0
BRDA:1,1,0,0
BRDA:1,2,0,0
BRF:3
BRH:0
end_of_record
TN:
SF:helpers/authHelper.js
FN:3,(anonymous_0)
FN:14,(anonymous_1)
FNF:2
FNH:0
FNDA:0,(anonymous_0)
FNDA:0,(anonymous_1)
DA:3,1
DA:4,0
DA:5,0
DA:6,0
DA:7,0
DA:10,0
DA:14,1
DA:15,0
LF:8
LH:2
BRF:0
BRH:0
end_of_record
TN:
SF:middlewares/authMiddleware.js
FN:5,(anonymous_0)
FN:24,(anonymous_1)
FNF:2
FNH:1
FNDA:6,(anonymous_0)
FNDA:0,(anonymous_1)
DA:5,1
DA:6,6
DA:7,6
DA:11,5
DA:12,5
DA:14,1
DA:15,1
DA:24,1
DA:25,0
DA:26,0
DA:27,0
DA:32,0
DA:33,0
DA:34,0
DA:39,0
DA:42,0
DA:43,0
LF:17
LH:8
BRDA:26,0,0,0
BRDA:26,0,1,0
BRDA:33,1,0,0
BRDA:33,1,1,0
BRDA:33,2,0,0
BRDA:33,2,1,0
BRF:6
BRH:0
end_of_record
TN:
SF:models/categoryModel.js
FN:12,(anonymous_0)
FN:24,(anonymous_1)
FNF:2
FNH:2
FNDA:1,(anonymous_0)
FNDA:1,(anonymous_1)
DA:3,1
DA:14,1
DA:15,1
DA:26,1
DA:27,1
LF:5
LH:5
BRF:0
BRH:0
end_of_record
TN:
SF:models/orderModel.js
FNF:0
FNH:0
DA:3,1
LF:1
LH:1
BRF:0
BRH:0
end_of_record
TN:
SF:models/productModel.js
FNF:0
FNH:0
DA:3,1
LF:1
LH:1
BRF:0
BRH:0
end_of_record
TN:
SF:models/userModel.js
FNF:0
FNH:0
DA:3,1
LF:1
LH:1
BRF:0
BRH:0
end_of_record
